\BOOKMARK [0][-]{chapter.1}{Estudio Preliminar}{}% 1
\BOOKMARK [1][-]{section.1.1}{Planteamiento del Problema}{chapter.1}% 2
\BOOKMARK [2][-]{subsection.1.1.1}{Definici\363n del tema}{section.1.1}% 3
\BOOKMARK [2][-]{subsection.1.1.2}{Situaci\363n Problem\341tica}{section.1.1}% 4
\BOOKMARK [1][-]{section.1.2}{Enunciado del problema}{chapter.1}% 5
\BOOKMARK [1][-]{section.1.3}{Justificaci\363n}{chapter.1}% 6
\BOOKMARK [1][-]{section.1.4}{Objetivos}{chapter.1}% 7
\BOOKMARK [2][-]{subsection.1.4.1}{Objetivo General}{section.1.4}% 8
\BOOKMARK [2][-]{subsection.1.4.2}{Objetivos Espec\355ficos}{section.1.4}% 9
\BOOKMARK [1][-]{section.1.5}{Delimitaci\363n de la Investigaci\363n}{chapter.1}% 10
\BOOKMARK [2][-]{subsection.1.5.1}{Delimitaci\363n Temporal}{section.1.5}% 11
\BOOKMARK [2][-]{subsection.1.5.2}{Delimitaci\363n Espacial}{section.1.5}% 12
\BOOKMARK [1][-]{section.1.6}{Alcances}{chapter.1}% 13
\BOOKMARK [1][-]{section.1.7}{Limitaciones}{chapter.1}% 14
\BOOKMARK [0][-]{chapter.2}{Marco Referencial}{}% 15
\BOOKMARK [1][-]{section.2.1}{Marco hist\363rico}{chapter.2}% 16
\BOOKMARK [2][-]{subsection.2.1.1}{Antecedentes de la lengua de se\361as en El Salvador}{section.2.1}% 17
\BOOKMARK [2][-]{subsection.2.1.2}{Antecedentes de la investigaci\363n.}{section.2.1}% 18
\BOOKMARK [2][-]{subsection.2.1.3}{Historia de la Escuela de Educaci\363n Especial \215San Francisco de As\355s\216}{section.2.1}% 19
\BOOKMARK [1][-]{section.2.2}{Marco te\363rico}{chapter.2}% 20
\BOOKMARK [2][-]{subsection.2.2.1}{Discapacidad Auditiva}{section.2.2}% 21
\BOOKMARK [2][-]{subsection.2.2.2}{Lenguaje de se\361as}{section.2.2}% 22
\BOOKMARK [2][-]{subsection.2.2.3}{Lenguaje de se\361as salvadore\361o}{section.2.2}% 23
\BOOKMARK [2][-]{subsection.2.2.4}{Sistemas alternativos y aumentativos de comunicaci\363n \(SAAC\)}{section.2.2}% 24
\BOOKMARK [2][-]{subsection.2.2.5}{Metodolog\355a SCRUM}{section.2.2}% 25
\BOOKMARK [1][-]{section.2.3}{Herramientas para el Desarrollo del Software}{chapter.2}% 26
\BOOKMARK [2][-]{subsection.2.3.1}{Herramientas de Software}{section.2.3}% 27
\BOOKMARK [2][-]{subsection.2.3.2}{Lenguaje de programaci\363n}{section.2.3}% 28
\BOOKMARK [2][-]{subsection.2.3.3}{Entornos de desarrollo}{section.2.3}% 29
\BOOKMARK [2][-]{subsection.2.3.4}{Sistema de Base de Datos}{section.2.3}% 30
\BOOKMARK [2][-]{subsection.2.3.5}{Herramientas de Hardware}{section.2.3}% 31
\BOOKMARK [1][-]{section.2.4}{Marco Legal}{chapter.2}% 32
\BOOKMARK [2][-]{subsection.2.4.1}{Ley de propiedad intelectual}{section.2.4}% 33
\BOOKMARK [2][-]{subsection.2.4.2}{Licencia de Software}{section.2.4}% 34
\BOOKMARK [2][-]{subsection.2.4.3}{C\363digo Fuente}{section.2.4}% 35
\BOOKMARK [2][-]{subsection.2.4.4}{Licencia de derechos autorales}{section.2.4}% 36
\BOOKMARK [1][-]{section.2.5}{Marco Conceptual}{chapter.2}% 37
\BOOKMARK [0][-]{chapter.3}{Metodolog\355a de la Investigaci\363n}{}% 38
\BOOKMARK [1][-]{section.3.1}{Tipo de la investigaci\363n}{chapter.3}% 39
\BOOKMARK [2][-]{subsection.3.1.1}{Investigaci\363n Descriptiva}{section.3.1}% 40
\BOOKMARK [1][-]{section.3.2}{M\351todo de Desarrollo}{chapter.3}% 41
\BOOKMARK [1][-]{section.3.3}{La poblaci\363n y muestra}{chapter.3}% 42
\BOOKMARK [2][-]{subsection.3.3.1}{Poblaci\363n o universo }{section.3.3}% 43
\BOOKMARK [2][-]{subsection.3.3.2}{Muestra}{section.3.3}% 44
\BOOKMARK [1][-]{section.3.4}{T\351cnicas e instrumentos de Investigaci\363n}{chapter.3}% 45
\BOOKMARK [2][-]{subsection.3.4.1}{Recopilar informaci\363n}{section.3.4}% 46
\BOOKMARK [2][-]{subsection.3.4.2}{Procedimientos para la autorizaci\363n de instrumentos}{section.3.4}% 47
\BOOKMARK [1][-]{section.3.5}{T\351cnicas e instrumentos para el An\341lisis de Datos}{chapter.3}% 48
\BOOKMARK [2][-]{subsection.3.5.1}{Procedimiento para Recolecci\363n de los Datos}{section.3.5}% 49
\BOOKMARK [2][-]{subsection.3.5.2}{Procedimiento para procesar datos.}{section.3.5}% 50
\BOOKMARK [2][-]{subsection.3.5.3}{Procedimiento para presentar e interpretar datos.}{section.3.5}% 51
\BOOKMARK [0][-]{chapter.4}{An\341lisis e interpretaci\363n de datos}{}% 52
\BOOKMARK [1][-]{section.4.1}{Tabulaci\363n del cuestionario }{chapter.4}% 53
\BOOKMARK [2][-]{subsection.4.1.1}{Cuestionario dirigido a personal administrativo}{section.4.1}% 54
\BOOKMARK [2][-]{subsection.4.1.2}{Cuestionario dirigido a personal docentes}{section.4.1}% 55
\BOOKMARK [2][-]{subsection.4.1.3}{Cuestionario dirigido a estudiantes}{section.4.1}% 56
\BOOKMARK [0][-]{chapter.5}{Desarrollo de prototipo del tutor interactivo}{}% 57
\BOOKMARK [1][-]{section.5.1}{Estudio de Factibilidad}{chapter.5}% 58
\BOOKMARK [2][-]{subsection.5.1.1}{Factibilidad T\351cnica}{section.5.1}% 59
\BOOKMARK [2][-]{subsection.5.1.2}{Factibilidad Operativa}{section.5.1}% 60
\BOOKMARK [2][-]{subsection.5.1.3}{Factibilidad Economica}{section.5.1}% 61
\BOOKMARK [0][-]{section*.16}{Bibliograf\355a}{}% 62
